INFO:root:INITIALIZED
2021-06-20 15:24:32,830 --- INITIALIZED ---
2021-06-20 15:24:32,834 sql server connection established
2021-06-20 15:24:32,834 main()
2021-06-20 15:24:32,842 white pieces data entry
2021-06-20 15:24:32,845 black pieces data entry
2021-06-20 15:24:32,848 starting position board printed
06/20/2021 03:25:21 PM --- INITIALIZED ---
06/20/2021 03:25:21 PM sql server connection established
06/20/2021 03:25:21 PM main()
06/20/2021 03:25:22 PM white pieces data entry
06/20/2021 03:25:22 PM black pieces data entry
06/20/2021 03:25:22 PM starting position board printed
06/20/2021 03:32:34 PM --- INITIALIZED ---
06/20/2021 03:32:34 PM sql server connection established
06/20/2021 03:32:34 PM main()
06/20/2021 03:32:34 PM white pieces data entry
06/20/2021 03:32:34 PM black pieces data entry
06/20/2021 03:32:34 PM starting position board printed
06/20/2021 03:32:57 PM --- INITIALIZED ---
06/20/2021 03:32:57 PM sql server connection established
06/20/2021 03:32:57 PM main()
06/20/2021 03:32:57 PM white pieces data entry
06/20/2021 03:32:57 PM black pieces data entry
06/20/2021 03:32:57 PM starting position board printed
06/20/2021 03:33:18 PM --- INITIALIZED ---
06/20/2021 03:33:18 PM sql server connection established
06/20/2021 03:33:18 PM main()
06/20/2021 03:33:18 PM white pieces data entry
06/20/2021 03:33:18 PM black pieces data entry
06/20/2021 03:33:18 PM starting position board printed
06/20/2021 03:33:37 PM --- INITIALIZED ---
06/20/2021 03:33:37 PM sql server connection established
06/20/2021 03:33:37 PM main()
06/20/2021 03:33:37 PM white pieces data entry
06/20/2021 03:33:37 PM black pieces data entry
06/20/2021 03:33:37 PM starting position board printed
06/20/2021 03:33:55 PM --- INITIALIZED ---
06/20/2021 03:33:55 PM sql server connection established
06/20/2021 03:33:55 PM main()
06/20/2021 03:33:55 PM white pieces data entry
06/20/2021 03:33:55 PM black pieces data entry
06/20/2021 03:33:55 PM starting position board printed
06/20/2021 03:36:00 PM --- INITIALIZED ---
06/20/2021 03:36:00 PM sql server connection established
06/20/2021 03:36:00 PM main()
06/20/2021 03:36:00 PM white pieces data entry
06/20/2021 03:36:00 PM black pieces data entry
06/20/2021 03:36:00 PM starting position board printed
06/20/2021 03:38:47 PM --- INITIALIZED ---
06/20/2021 03:38:47 PM sql server connection established
06/20/2021 03:38:47 PM main()
06/20/2021 03:38:47 PM white pieces data entry
06/20/2021 03:38:47 PM black pieces data entry
06/20/2021 03:38:47 PM starting position board printed
06/20/2021 03:43:21 PM --- INITIALIZED ---
06/20/2021 03:43:21 PM sql server connection established
06/20/2021 03:43:21 PM main()
06/20/2021 03:43:21 PM white pieces data entry
06/20/2021 03:43:21 PM black pieces data entry
06/20/2021 03:43:21 PM starting position board printed
06/20/2021 03:43:35 PM --- INITIALIZED ---
06/20/2021 03:43:35 PM sql server connection established
06/20/2021 03:43:35 PM main()
06/20/2021 03:43:35 PM white pieces data entry
06/20/2021 03:43:35 PM black pieces data entry
06/20/2021 03:43:35 PM starting position board printed
06/20/2021 03:49:05 PM --- INITIALIZED ---
06/20/2021 03:49:05 PM sql server connection established
06/20/2021 03:49:05 PM main()
06/20/2021 03:49:05 PM white pieces data entry
06/20/2021 03:49:05 PM black pieces data entry
06/20/2021 03:49:05 PM starting position board printed
06/20/2021 03:49:39 PM --- INITIALIZED ---
06/20/2021 03:49:39 PM sql server connection established
06/20/2021 03:49:39 PM main()
06/20/2021 03:49:39 PM white pieces data entry
06/20/2021 03:49:39 PM black pieces data entry
06/20/2021 03:49:39 PM starting position board printed
06/20/2021 03:49:48 PM --- INITIALIZED ---
06/20/2021 03:49:48 PM sql server connection established
06/20/2021 03:49:48 PM main()
06/20/2021 03:49:48 PM white pieces data entry
06/20/2021 03:49:48 PM black pieces data entry
06/20/2021 03:49:48 PM starting position board printed
06/20/2021 03:50:26 PM --- INITIALIZED ---
06/20/2021 03:50:26 PM sql server connection established
06/20/2021 03:50:26 PM main()
06/20/2021 03:50:26 PM white pieces data entry
06/20/2021 03:50:26 PM black pieces data entry
06/20/2021 03:50:26 PM starting position board printed
06/20/2021 03:51:58 PM --- INITIALIZED ---
06/20/2021 03:51:58 PM sql server connection established
06/20/2021 03:51:58 PM main()
06/20/2021 03:51:58 PM white pieces data entry
06/20/2021 03:51:58 PM black pieces data entry
06/20/2021 03:51:58 PM starting position board printed
06/20/2021 03:54:11 PM --- INITIALIZED ---
06/20/2021 03:54:11 PM sql server connection established
06/20/2021 03:54:11 PM main()
06/20/2021 03:54:11 PM white pieces data entry
06/20/2021 03:54:11 PM black pieces data entry
06/20/2021 03:54:11 PM starting position board printed
06/20/2021 03:57:04 PM --- INITIALIZED ---
06/20/2021 03:57:04 PM sql server connection established
06/20/2021 03:57:04 PM main()
06/20/2021 03:57:04 PM white pieces data entry
06/20/2021 03:57:04 PM black pieces data entry
06/20/2021 03:57:04 PM starting position board printed
06/20/2021 04:00:47 PM --- INITIALIZED ---
06/20/2021 04:00:47 PM sql server connection established
06/20/2021 04:00:47 PM main()
06/20/2021 04:00:47 PM white pieces data entry
06/20/2021 04:00:47 PM black pieces data entry
06/20/2021 04:00:47 PM starting position board printed
06/20/2021 04:01:46 PM --- INITIALIZED ---
06/20/2021 04:01:46 PM sql server connection established
06/20/2021 04:01:46 PM main()
06/20/2021 04:01:46 PM white pieces data entry
06/20/2021 04:01:46 PM black pieces data entry
06/20/2021 04:01:46 PM starting position board printed
06/20/2021 04:03:56 PM --- INITIALIZED ---
06/20/2021 04:03:56 PM sql server connection established
06/20/2021 04:03:56 PM main()
06/20/2021 04:03:56 PM white pieces data entry
06/20/2021 04:03:56 PM black pieces data entry
06/20/2021 04:03:56 PM starting position board printed
06/20/2021 04:04:09 PM --- INITIALIZED ---
06/20/2021 04:04:09 PM sql server connection established
06/20/2021 04:04:09 PM main()
06/20/2021 04:04:09 PM white pieces data entry
06/20/2021 04:04:09 PM black pieces data entry
06/20/2021 04:04:09 PM starting position board printed
06/20/2021 04:04:50 PM --- INITIALIZED ---
06/20/2021 04:04:50 PM sql server connection established
06/20/2021 04:04:50 PM main()
06/20/2021 04:04:50 PM white pieces data entry
06/20/2021 04:04:50 PM black pieces data entry
06/20/2021 04:04:50 PM starting position board printed
06/20/2021 04:05:04 PM --- INITIALIZED ---
06/20/2021 04:05:04 PM sql server connection established
06/20/2021 04:05:04 PM main()
06/20/2021 04:05:04 PM white pieces data entry
06/20/2021 04:05:04 PM black pieces data entry
06/20/2021 04:05:04 PM starting position board printed
06/20/2021 04:06:01 PM --- INITIALIZED ---
06/20/2021 04:06:01 PM sql server connection established
06/20/2021 04:06:01 PM main()
06/20/2021 04:06:01 PM white pieces data entry
06/20/2021 04:06:01 PM black pieces data entry
06/20/2021 04:06:01 PM starting position board printed
06/20/2021 04:06:29 PM --- INITIALIZED ---
06/20/2021 04:06:29 PM sql server connection established
06/20/2021 04:06:29 PM main()
06/20/2021 04:06:29 PM white pieces data entry
06/20/2021 04:06:29 PM black pieces data entry
06/20/2021 04:06:29 PM starting position board printed
06/20/2021 04:07:00 PM --- INITIALIZED ---
06/20/2021 04:07:00 PM sql server connection established
06/20/2021 04:07:00 PM main()
06/20/2021 04:07:00 PM white pieces data entry
06/20/2021 04:07:00 PM black pieces data entry
06/20/2021 04:07:00 PM starting position board printed
06/20/2021 04:07:41 PM --- INITIALIZED ---
06/20/2021 04:07:41 PM sql server connection established
06/20/2021 04:07:41 PM main()
06/20/2021 04:07:41 PM white pieces data entry
06/20/2021 04:07:41 PM black pieces data entry
06/20/2021 04:07:41 PM starting position board printed
06/20/2021 04:08:26 PM --- INITIALIZED ---
06/20/2021 04:08:26 PM sql server connection established
06/20/2021 04:08:26 PM main()
06/20/2021 04:08:26 PM white pieces data entry
06/20/2021 04:08:26 PM black pieces data entry
06/20/2021 04:08:26 PM starting position board printed
06/20/2021 04:09:43 PM --- INITIALIZED ---
06/20/2021 04:09:43 PM sql server connection established
06/20/2021 04:09:43 PM main()
06/20/2021 04:09:43 PM white pieces data entry
06/20/2021 04:09:43 PM black pieces data entry
06/20/2021 04:09:43 PM starting position board printed
06/20/2021 04:09:54 PM --- INITIALIZED ---
06/20/2021 04:09:54 PM sql server connection established
06/20/2021 04:09:54 PM main()
06/20/2021 04:09:54 PM white pieces data entry
06/20/2021 04:09:54 PM black pieces data entry
06/20/2021 04:09:54 PM starting position board printed
06/20/2021 04:10:28 PM --- INITIALIZED ---
06/20/2021 04:10:28 PM sql server connection established
06/20/2021 04:10:28 PM main()
06/20/2021 04:10:28 PM white pieces data entry
06/20/2021 04:10:28 PM black pieces data entry
06/20/2021 04:10:28 PM starting position board printed
06/20/2021 04:10:38 PM --- INITIALIZED ---
06/20/2021 04:10:38 PM sql server connection established
06/20/2021 04:10:38 PM main()
06/20/2021 04:10:38 PM white pieces data entry
06/20/2021 04:10:38 PM black pieces data entry
06/20/2021 04:10:38 PM starting position board printed
06/20/2021 04:17:37 PM --- INITIALIZED ---
06/20/2021 04:17:37 PM sql server connection established
06/20/2021 04:17:37 PM main()
06/20/2021 04:17:37 PM white pieces data entry
06/20/2021 04:17:37 PM black pieces data entry
06/20/2021 04:17:37 PM starting position board printed
06/20/2021 04:17:49 PM --- INITIALIZED ---
06/20/2021 04:17:49 PM sql server connection established
06/20/2021 04:17:49 PM main()
06/20/2021 04:17:49 PM white pieces data entry
06/20/2021 04:17:49 PM black pieces data entry
06/20/2021 04:17:49 PM starting position board printed
06/20/2021 04:18:11 PM --- INITIALIZED ---
06/20/2021 04:18:11 PM sql server connection established
06/20/2021 04:18:11 PM main()
06/20/2021 04:18:11 PM white pieces data entry
06/20/2021 04:18:11 PM black pieces data entry
06/20/2021 04:18:11 PM starting position board printed
06/20/2021 04:20:45 PM --- INITIALIZED ---
06/20/2021 04:20:45 PM sql server connection established
06/20/2021 04:20:45 PM main()
06/20/2021 04:20:45 PM white pieces data entry
06/20/2021 04:20:45 PM black pieces data entry
06/20/2021 04:20:45 PM starting position board printed
06/20/2021 04:20:59 PM --- INITIALIZED ---
06/20/2021 04:20:59 PM sql server connection established
06/20/2021 04:20:59 PM main()
06/20/2021 04:20:59 PM white pieces data entry
06/20/2021 04:20:59 PM black pieces data entry
06/20/2021 04:20:59 PM starting position board printed
